<?xml version="1.0" encoding="UTF-8"?>
<testng-results ignored="0" total="44" passed="42" failed="2" skipped="0">
  <reporter-output>
  </reporter-output>
  <suite started-at="2023-11-09T06:59:06 IST" name="Default suite" finished-at="2023-11-09T06:59:06 IST" duration-ms="327">
    <groups>
    </groups>
    <test started-at="2023-11-09T06:59:06 IST" name="Default test" finished-at="2023-11-09T06:59:06 IST" duration-ms="327">
      <class name="APPTEST.java.Automation">
        <test-method signature="testLoginNormal()[pri:1, instance:APPTEST.java.Automation@4310d43]" started-at="2023-11-09T06:59:06 IST" name="testLoginNormal" finished-at="2023-11-09T06:59:06 IST" duration-ms="15" status="PASS">
          <reporter-output>
          </reporter-output>
        </test-method> <!-- testLoginNormal -->
        <test-method signature="testUpdate()[pri:2, instance:APPTEST.java.Automation@4310d43]" started-at="2023-11-09T06:59:06 IST" name="testUpdate" finished-at="2023-11-09T06:59:06 IST" duration-ms="15" status="FAIL">
          <exception class="java.lang.StackOverflowError">
            <full-stacktrace>
              <![CDATA[java.lang.StackOverflowError
at APPTEST.java.Automation.testUpdate(Automation.java:23)
at APPTEST.java.Automation.testUpdate(Automation.java:23)
at APPTEST.java.Automation.testUpdate(Automation.java:23)
at APPTEST.java.Automation.testUpdate(Automation.java:23)
at APPTEST.java.Automation.testUpdate(Automation.java:23)
at APPTEST.java.Automation.testUpdate(Automation.java:23)
at APPTEST.java.Automation.testUpdate(Automation.java:23)
at APPTEST.java.Automation.testUpdate(Automation.java:23)
at APPTEST.java.Automation.testUpdate(Automation.java:23)
at APPTEST.java.Automation.testUpdate(Automation.java:23)
at APPTEST.java.Automation.testUpdate(Automation.java:23)
at APPTEST.java.Automation.testUpdate(Automation.java:23)
at APPTEST.java.Automation.testUpdate(Automation.java:23)
at APPTEST.java.Automation.testUpdate(Automation.java:23)
at APPTEST.java.Automation.testUpdate(Automation.java:23)
at APPTEST.java.Automation.testUpdate(Automation.java:23)
at APPTEST.java.Automation.testUpdate(Automation.java:23)
at APPTEST.java.Automation.testUpdate(Automation.java:23)
at APPTEST.java.Automation.testUpdate(Automation.java:23)
at APPTEST.java.Automation.testUpdate(Automation.java:23)
at APPTEST.java.Automation.testUpdate(Automation.java:23)
at APPTEST.java.Automation.testUpdate(Automation.java:23)
at APPTEST.java.Automation.testUpdate(Automation.java:23)
at APPTEST.java.Automation.testUpdate(Automation.java:23)
at APPTEST.java.Automation.testUpdate(Automation.java:23)
at APPTEST.java.Automation.testUpdate(Automation.java:23)
at APPTEST.java.Automation.testUpdate(Automation.java:23)
at APPTEST.java.Automation.testUpdate(Automation.java:23)
at APPTEST.java.Automation.testUpdate(Automation.java:23)
at APPTEST.java.Automation.testUpdate(Automation.java:23)
at APPTEST.java.Automation.testUpdate(Automation.java:23)
at APPTEST.java.Automation.testUpdate(Automation.java:23)
at APPTEST.java.Automation.testUpdate(Automation.java:23)
at APPTEST.java.Automation.testUpdate(Automation.java:23)
at APPTEST.java.Automation.testUpdate(Automation.java:23)
at APPTEST.java.Automation.testUpdate(Automation.java:23)
at APPTEST.java.Automation.testUpdate(Automation.java:23)
at APPTEST.java.Automation.testUpdate(Automation.java:23)
at APPTEST.java.Automation.testUpdate(Automation.java:23)
at APPTEST.java.Automation.testUpdate(Automation.java:23)
at APPTEST.java.Automation.testUpdate(Automation.java:23)
at APPTEST.java.Automation.testUpdate(Automation.java:23)
at APPTEST.java.Automation.testUpdate(Automation.java:23)
at APPTEST.java.Automation.testUpdate(Automation.java:23)
at APPTEST.java.Automation.testUpdate(Automation.java:23)
at APPTEST.java.Automation.testUpdate(Automation.java:23)
at APPTEST.java.Automation.testUpdate(Automation.java:23)
at APPTEST.java.Automation.testUpdate(Automation.java:23)
at APPTEST.java.Automation.testUpdate(Automation.java:23)
at APPTEST.java.Automation.testUpdate(Automation.java:23)
at APPTEST.java.Automation.testUpdate(Automation.java:23)
at APPTEST.java.Automation.testUpdate(Automation.java:23)
at APPTEST.java.Automation.testUpdate(Automation.java:23)
at APPTEST.java.Automation.testUpdate(Automation.java:23)
at APPTEST.java.Automation.testUpdate(Automation.java:23)
at APPTEST.java.Automation.testUpdate(Automation.java:23)
at APPTEST.java.Automation.testUpdate(Automation.java:23)
at APPTEST.java.Automation.testUpdate(Automation.java:23)
at APPTEST.java.Automation.testUpdate(Automation.java:23)
at APPTEST.java.Automation.testUpdate(Automation.java:23)
at APPTEST.java.Automation.testUpdate(Automation.java:23)
at APPTEST.java.Automation.testUpdate(Automation.java:23)
at APPTEST.java.Automation.testUpdate(Automation.java:23)
at APPTEST.java.Automation.testUpdate(Automation.java:23)
at APPTEST.java.Automation.testUpdate(Automation.java:23)
at APPTEST.java.Automation.testUpdate(Automation.java:23)
at APPTEST.java.Automation.testUpdate(Automation.java:23)
at APPTEST.java.Automation.testUpdate(Automation.java:23)
at APPTEST.java.Automation.testUpdate(Automation.java:23)
at APPTEST.java.Automation.testUpdate(Automation.java:23)
at APPTEST.java.Automation.testUpdate(Automation.java:23)
at APPTEST.java.Automation.testUpdate(Automation.java:23)
at APPTEST.java.Automation.testUpdate(Automation.java:23)
at APPTEST.java.Automation.testUpdate(Automation.java:23)
at APPTEST.java.Automation.testUpdate(Automation.java:23)
at APPTEST.java.Automation.testUpdate(Automation.java:23)
at APPTEST.java.Automation.testUpdate(Automation.java:23)
at APPTEST.java.Automation.testUpdate(Automation.java:23)
at APPTEST.java.Automation.testUpdate(Automation.java:23)
at APPTEST.java.Automation.testUpdate(Automation.java:23)
at APPTEST.java.Automation.testUpdate(Automation.java:23)
at APPTEST.java.Automation.testUpdate(Automation.java:23)
at APPTEST.java.Automation.testUpdate(Automation.java:23)
at APPTEST.java.Automation.testUpdate(Automation.java:23)
at APPTEST.java.Automation.testUpdate(Automation.java:23)
at APPTEST.java.Automation.testUpdate(Automation.java:23)
at APPTEST.java.Automation.testUpdate(Automation.java:23)
at APPTEST.java.Automation.testUpdate(Automation.java:23)
at APPTEST.java.Automation.testUpdate(Automation.java:23)
at APPTEST.java.Automation.testUpdate(Automation.java:23)
at APPTEST.java.Automation.testUpdate(Automation.java:23)
at APPTEST.java.Automation.testUpdate(Automation.java:23)
at APPTEST.java.Automation.testUpdate(Automation.java:23)
at APPTEST.java.Automation.testUpdate(Automation.java:23)
at APPTEST.java.Automation.testUpdate(Automation.java:23)
at APPTEST.java.Automation.testUpdate(Automation.java:23)
at APPTEST.java.Automation.testUpdate(Automation.java:23)
at APPTEST.java.Automation.testUpdate(Automation.java:23)
at APPTEST.java.Automation.testUpdate(Automation.java:23)
at APPTEST.java.Automation.testUpdate(Automation.java:23)
at APPTEST.java.Automation.testUpdate(Automation.java:23)
at APPTEST.java.Automation.testUpdate(Automation.java:23)
at APPTEST.java.Automation.testUpdate(Automation.java:23)
at APPTEST.java.Automation.testUpdate(Automation.java:23)
at APPTEST.java.Automation.testUpdate(Automation.java:23)
at APPTEST.java.Automation.testUpdate(Automation.java:23)
at APPTEST.java.Automation.testUpdate(Automation.java:23)
at APPTEST.java.Automation.testUpdate(Automation.java:23)
at APPTEST.java.Automation.testUpdate(Automation.java:23)
at APPTEST.java.Automation.testUpdate(Automation.java:23)
at APPTEST.java.Automation.testUpdate(Automation.java:23)
at APPTEST.java.Automation.testUpdate(Automation.java:23)
at APPTEST.java.Automation.testUpdate(Automation.java:23)
at APPTEST.java.Automation.testUpdate(Automation.java:23)
at APPTEST.java.Automation.testUpdate(Automation.java:23)
at APPTEST.java.Automation.testUpdate(Automation.java:23)
at APPTEST.java.Automation.testUpdate(Automation.java:23)
at APPTEST.java.Automation.testUpdate(Automation.java:23)
at APPTEST.java.Automation.testUpdate(Automation.java:23)
at APPTEST.java.Automation.testUpdate(Automation.java:23)
at APPTEST.java.Automation.testUpdate(Automation.java:23)
at APPTEST.java.Automation.testUpdate(Automation.java:23)
at APPTEST.java.Automation.testUpdate(Automation.java:23)
at APPTEST.java.Automation.testUpdate(Automation.java:23)
at APPTEST.java.Automation.testUpdate(Automation.java:23)
at APPTEST.java.Automation.testUpdate(Automation.java:23)
at APPTEST.java.Automation.testUpdate(Automation.java:23)
at APPTEST.java.Automation.testUpdate(Automation.java:23)
at APPTEST.java.Automation.testUpdate(Automation.java:23)
at APPTEST.java.Automation.testUpdate(Automation.java:23)
at APPTEST.java.Automation.testUpdate(Automation.java:23)
at APPTEST.java.Automation.testUpdate(Automation.java:23)
at APPTEST.java.Automation.testUpdate(Automation.java:23)
at APPTEST.java.Automation.testUpdate(Automation.java:23)
at APPTEST.java.Automation.testUpdate(Automation.java:23)
at APPTEST.java.Automation.testUpdate(Automation.java:23)
at APPTEST.java.Automation.testUpdate(Automation.java:23)
at APPTEST.java.Automation.testUpdate(Automation.java:23)
at APPTEST.java.Automation.testUpdate(Automation.java:23)
at APPTEST.java.Automation.testUpdate(Automation.java:23)
at APPTEST.java.Automation.testUpdate(Automation.java:23)
at APPTEST.java.Automation.testUpdate(Automation.java:23)
at APPTEST.java.Automation.testUpdate(Automation.java:23)
at APPTEST.java.Automation.testUpdate(Automation.java:23)
at APPTEST.java.Automation.testUpdate(Automation.java:23)
at APPTEST.java.Automation.testUpdate(Automation.java:23)
at APPTEST.java.Automation.testUpdate(Automation.java:23)
at APPTEST.java.Automation.testUpdate(Automation.java:23)
at APPTEST.java.Automation.testUpdate(Automation.java:23)
at APPTEST.java.Automation.testUpdate(Automation.java:23)
at APPTEST.java.Automation.testUpdate(Automation.java:23)
at APPTEST.java.Automation.testUpdate(Automation.java:23)
at APPTEST.java.Automation.testUpdate(Automation.java:23)
at APPTEST.java.Automation.testUpdate(Automation.java:23)
at APPTEST.java.Automation.testUpdate(Automation.java:23)
at APPTEST.java.Automation.testUpdate(Automation.java:23)
at APPTEST.java.Automation.testUpdate(Automation.java:23)
at APPTEST.java.Automation.testUpdate(Automation.java:23)
at APPTEST.java.Automation.testUpdate(Automation.java:23)
at APPTEST.java.Automation.testUpdate(Automation.java:23)
at APPTEST.java.Automation.testUpdate(Automation.java:23)
at APPTEST.java.Automation.testUpdate(Automation.java:23)
at APPTEST.java.Automation.testUpdate(Automation.java:23)
at APPTEST.java.Automation.testUpdate(Automation.java:23)
at APPTEST.java.Automation.testUpdate(Automation.java:23)
at APPTEST.java.Automation.testUpdate(Automation.java:23)
at APPTEST.java.Automation.testUpdate(Automation.java:23)
at APPTEST.java.Automation.testUpdate(Automation.java:23)
at APPTEST.java.Automation.testUpdate(Automation.java:23)
at APPTEST.java.Automation.testUpdate(Automation.java:23)
at APPTEST.java.Automation.testUpdate(Automation.java:23)
at APPTEST.java.Automation.testUpdate(Automation.java:23)
at APPTEST.java.Automation.testUpdate(Automation.java:23)
at APPTEST.java.Automation.testUpdate(Automation.java:23)
at APPTEST.java.Automation.testUpdate(Automation.java:23)
at APPTEST.java.Automation.testUpdate(Automation.java:23)
at APPTEST.java.Automation.testUpdate(Automation.java:23)
at APPTEST.java.Automation.testUpdate(Automation.java:23)
at APPTEST.java.Automation.testUpdate(Automation.java:23)
at APPTEST.java.Automation.testUpdate(Automation.java:23)
at APPTEST.java.Automation.testUpdate(Automation.java:23)
at APPTEST.java.Automation.testUpdate(Automation.java:23)
at APPTEST.java.Automation.testUpdate(Automation.java:23)
at APPTEST.java.Automation.testUpdate(Automation.java:23)
at APPTEST.java.Automation.testUpdate(Automation.java:23)
at APPTEST.java.Automation.testUpdate(Automation.java:23)
at APPTEST.java.Automation.testUpdate(Automation.java:23)
at APPTEST.java.Automation.testUpdate(Automation.java:23)
at APPTEST.java.Automation.testUpdate(Automation.java:23)
at APPTEST.java.Automation.testUpdate(Automation.java:23)
at APPTEST.java.Automation.testUpdate(Automation.java:23)
at APPTEST.java.Automation.testUpdate(Automation.java:23)
at APPTEST.java.Automation.testUpdate(Automation.java:23)
at APPTEST.java.Automation.testUpdate(Automation.java:23)
at APPTEST.java.Automation.testUpdate(Automation.java:23)
at APPTEST.java.Automation.testUpdate(Automation.java:23)
at APPTEST.java.Automation.testUpdate(Automation.java:23)
at APPTEST.java.Automation.testUpdate(Automation.java:23)
at APPTEST.java.Automation.testUpdate(Automation.java:23)
at APPTEST.java.Automation.testUpdate(Automation.java:23)
at APPTEST.java.Automation.testUpdate(Automation.java:23)
at APPTEST.java.Automation.testUpdate(Automation.java:23)
at APPTEST.java.Automation.testUpdate(Automation.java:23)
at APPTEST.java.Automation.testUpdate(Automation.java:23)
at APPTEST.java.Automation.testUpdate(Automation.java:23)
at APPTEST.java.Automation.testUpdate(Automation.java:23)
at APPTEST.java.Automation.testUpdate(Automation.java:23)
at APPTEST.java.Automation.testUpdate(Automation.java:23)
at APPTEST.java.Automation.testUpdate(Automation.java:23)
at APPTEST.java.Automation.testUpdate(Automation.java:23)
at APPTEST.java.Automation.testUpdate(Automation.java:23)
at APPTEST.java.Automation.testUpdate(Automation.java:23)
at APPTEST.java.Automation.testUpdate(Automation.java:23)
at APPTEST.java.Automation.testUpdate(Automation.java:23)
at APPTEST.java.Automation.testUpdate(Automation.java:23)
at APPTEST.java.Automation.testUpdate(Automation.java:23)
at APPTEST.java.Automation.testUpdate(Automation.java:23)
at APPTEST.java.Automation.testUpdate(Automation.java:23)
at APPTEST.java.Automation.testUpdate(Automation.java:23)
at APPTEST.java.Automation.testUpdate(Automation.java:23)
at APPTEST.java.Automation.testUpdate(Automation.java:23)
at APPTEST.java.Automation.testUpdate(Automation.java:23)
at APPTEST.java.Automation.testUpdate(Automation.java:23)
at APPTEST.java.Automation.testUpdate(Automation.java:23)
at APPTEST.java.Automation.testUpdate(Automation.java:23)
at APPTEST.java.Automation.testUpdate(Automation.java:23)
at APPTEST.java.Automation.testUpdate(Automation.java:23)
at APPTEST.java.Automation.testUpdate(Automation.java:23)
at APPTEST.java.Automation.testUpdate(Automation.java:23)
at APPTEST.java.Automation.testUpdate(Automation.java:23)
at APPTEST.java.Automation.testUpdate(Automation.java:23)
at APPTEST.java.Automation.testUpdate(Automation.java:23)
at APPTEST.java.Automation.testUpdate(Automation.java:23)
at APPTEST.java.Automation.testUpdate(Automation.java:23)
at APPTEST.java.Automation.testUpdate(Automation.java:23)
at APPTEST.java.Automation.testUpdate(Automation.java:23)
at APPTEST.java.Automation.testUpdate(Automation.java:23)
at APPTEST.java.Automation.testUpdate(Automation.java:23)
at APPTEST.java.Automation.testUpdate(Automation.java:23)
at APPTEST.java.Automation.testUpdate(Automation.java:23)
at APPTEST.java.Automation.testUpdate(Automation.java:23)
at APPTEST.java.Automation.testUpdate(Automation.java:23)
at APPTEST.java.Automation.testUpdate(Automation.java:23)
at APPTEST.java.Automation.testUpdate(Automation.java:23)
at APPTEST.java.Automation.testUpdate(Automation.java:23)
at APPTEST.java.Automation.testUpdate(Automation.java:23)
at APPTEST.java.Automation.testUpdate(Automation.java:23)
at APPTEST.java.Automation.testUpdate(Automation.java:23)
at APPTEST.java.Automation.testUpdate(Automation.java:23)
at APPTEST.java.Automation.testUpdate(Automation.java:23)
at APPTEST.java.Automation.testUpdate(Automation.java:23)
at APPTEST.java.Automation.testUpdate(Automation.java:23)
at APPTEST.java.Automation.testUpdate(Automation.java:23)
at APPTEST.java.Automation.testUpdate(Automation.java:23)
at APPTEST.java.Automation.testUpdate(Automation.java:23)
at APPTEST.java.Automation.testUpdate(Automation.java:23)
at APPTEST.java.Automation.testUpdate(Automation.java:23)
at APPTEST.java.Automation.testUpdate(Automation.java:23)
at APPTEST.java.Automation.testUpdate(Automation.java:23)
at APPTEST.java.Automation.testUpdate(Automation.java:23)
at APPTEST.java.Automation.testUpdate(Automation.java:23)
at APPTEST.java.Automation.testUpdate(Automation.java:23)
at APPTEST.java.Automation.testUpdate(Automation.java:23)
at APPTEST.java.Automation.testUpdate(Automation.java:23)
at APPTEST.java.Automation.testUpdate(Automation.java:23)
at APPTEST.java.Automation.testUpdate(Automation.java:23)
at APPTEST.java.Automation.testUpdate(Automation.java:23)
at APPTEST.java.Automation.testUpdate(Automation.java:23)
at APPTEST.java.Automation.testUpdate(Automation.java:23)
at APPTEST.java.Automation.testUpdate(Automation.java:23)
at APPTEST.java.Automation.testUpdate(Automation.java:23)
at APPTEST.java.Automation.testUpdate(Automation.java:23)
at APPTEST.java.Automation.testUpdate(Automation.java:23)
at APPTEST.java.Automation.testUpdate(Automation.java:23)
at APPTEST.java.Automation.testUpdate(Automation.java:23)
at APPTEST.java.Automation.testUpdate(Automation.java:23)
at APPTEST.java.Automation.testUpdate(Automation.java:23)
at APPTEST.java.Automation.testUpdate(Automation.java:23)
at APPTEST.java.Automation.testUpdate(Automation.java:23)
at APPTEST.java.Automation.testUpdate(Automation.java:23)
at APPTEST.java.Automation.testUpdate(Automation.java:23)
at APPTEST.java.Automation.testUpdate(Automation.java:23)
at APPTEST.java.Automation.testUpdate(Automation.java:23)
at APPTEST.java.Automation.testUpdate(Automation.java:23)
at APPTEST.java.Automation.testUpdate(Automation.java:23)
at APPTEST.java.Automation.testUpdate(Automation.java:23)
at APPTEST.java.Automation.testUpdate(Automation.java:23)
at APPTEST.java.Automation.testUpdate(Automation.java:23)
at APPTEST.java.Automation.testUpdate(Automation.java:23)
at APPTEST.java.Automation.testUpdate(Automation.java:23)
at APPTEST.java.Automation.testUpdate(Automation.java:23)
at APPTEST.java.Automation.testUpdate(Automation.java:23)
at APPTEST.java.Automation.testUpdate(Automation.java:23)
at APPTEST.java.Automation.testUpdate(Automation.java:23)
at APPTEST.java.Automation.testUpdate(Automation.java:23)
at APPTEST.java.Automation.testUpdate(Automation.java:23)
at APPTEST.java.Automation.testUpdate(Automation.java:23)
at APPTEST.java.Automation.testUpdate(Automation.java:23)
at APPTEST.java.Automation.testUpdate(Automation.java:23)
at APPTEST.java.Automation.testUpdate(Automation.java:23)
at APPTEST.java.Automation.testUpdate(Automation.java:23)
at APPTEST.java.Automation.testUpdate(Automation.java:23)
at APPTEST.java.Automation.testUpdate(Automation.java:23)
at APPTEST.java.Automation.testUpdate(Automation.java:23)
at APPTEST.java.Automation.testUpdate(Automation.java:23)
at APPTEST.java.Automation.testUpdate(Automation.java:23)
at APPTEST.java.Automation.testUpdate(Automation.java:23)
at APPTEST.java.Automation.testUpdate(Automation.java:23)
at APPTEST.java.Automation.testUpdate(Automation.java:23)
at APPTEST.java.Automation.testUpdate(Automation.java:23)
at APPTEST.java.Automation.testUpdate(Automation.java:23)
at APPTEST.java.Automation.testUpdate(Automation.java:23)
at APPTEST.java.Automation.testUpdate(Automation.java:23)
at APPTEST.java.Automation.testUpdate(Automation.java:23)
at APPTEST.java.Automation.testUpdate(Automation.java:23)
at APPTEST.java.Automation.testUpdate(Automation.java:23)
at APPTEST.java.Automation.testUpdate(Automation.java:23)
at APPTEST.java.Automation.testUpdate(Automation.java:23)
at APPTEST.java.Automation.testUpdate(Automation.java:23)
at APPTEST.java.Automation.testUpdate(Automation.java:23)
at APPTEST.java.Automation.testUpdate(Automation.java:23)
at APPTEST.java.Automation.testUpdate(Automation.java:23)
at APPTEST.java.Automation.testUpdate(Automation.java:23)
at APPTEST.java.Automation.testUpdate(Automation.java:23)
at APPTEST.java.Automation.testUpdate(Automation.java:23)
at APPTEST.java.Automation.testUpdate(Automation.java:23)
at APPTEST.java.Automation.testUpdate(Automation.java:23)
at APPTEST.java.Automation.testUpdate(Automation.java:23)
at APPTEST.java.Automation.testUpdate(Automation.java:23)
at APPTEST.java.Automation.testUpdate(Automation.java:23)
at APPTEST.java.Automation.testUpdate(Automation.java:23)
at APPTEST.java.Automation.testUpdate(Automation.java:23)
at APPTEST.java.Automation.testUpdate(Automation.java:23)
at APPTEST.java.Automation.testUpdate(Automation.java:23)
at APPTEST.java.Automation.testUpdate(Automation.java:23)
at APPTEST.java.Automation.testUpdate(Automation.java:23)
at APPTEST.java.Automation.testUpdate(Automation.java:23)
at APPTEST.java.Automation.testUpdate(Automation.java:23)
at APPTEST.java.Automation.testUpdate(Automation.java:23)
at APPTEST.java.Automation.testUpdate(Automation.java:23)
at APPTEST.java.Automation.testUpdate(Automation.java:23)
at APPTEST.java.Automation.testUpdate(Automation.java:23)
at APPTEST.java.Automation.testUpdate(Automation.java:23)
at APPTEST.java.Automation.testUpdate(Automation.java:23)
at APPTEST.java.Automation.testUpdate(Automation.java:23)
at APPTEST.java.Automation.testUpdate(Automation.java:23)
at APPTEST.java.Automation.testUpdate(Automation.java:23)
at APPTEST.java.Automation.testUpdate(Automation.java:23)
at APPTEST.java.Automation.testUpdate(Automation.java:23)
at APPTEST.java.Automation.testUpdate(Automation.java:23)
at APPTEST.java.Automation.testUpdate(Automation.java:23)
at APPTEST.java.Automation.testUpdate(Automation.java:23)
at APPTEST.java.Automation.testUpdate(Automation.java:23)
at APPTEST.java.Automation.testUpdate(Automation.java:23)
at APPTEST.java.Automation.testUpdate(Automation.java:23)
at APPTEST.java.Automation.testUpdate(Automation.java:23)
at APPTEST.java.Automation.testUpdate(Automation.java:23)
at APPTEST.java.Automation.testUpdate(Automation.java:23)
at APPTEST.java.Automation.testUpdate(Automation.java:23)
at APPTEST.java.Automation.testUpdate(Automation.java:23)
at APPTEST.java.Automation.testUpdate(Automation.java:23)
at APPTEST.java.Automation.testUpdate(Automation.java:23)
at APPTEST.java.Automation.testUpdate(Automation.java:23)
at APPTEST.java.Automation.testUpdate(Automation.java:23)
at APPTEST.java.Automation.testUpdate(Automation.java:23)
at APPTEST.java.Automation.testUpdate(Automation.java:23)
at APPTEST.java.Automation.testUpdate(Automation.java:23)
at APPTEST.java.Automation.testUpdate(Automation.java:23)
at APPTEST.java.Automation.testUpdate(Automation.java:23)
at APPTEST.java.Automation.testUpdate(Automation.java:23)
at APPTEST.java.Automation.testUpdate(Automation.java:23)
at APPTEST.java.Automation.testUpdate(Automation.java:23)
at APPTEST.java.Automation.testUpdate(Automation.java:23)
at APPTEST.java.Automation.testUpdate(Automation.java:23)
at APPTEST.java.Automation.testUpdate(Automation.java:23)
at APPTEST.java.Automation.testUpdate(Automation.java:23)
at APPTEST.java.Automation.testUpdate(Automation.java:23)
at APPTEST.java.Automation.testUpdate(Automation.java:23)
at APPTEST.java.Automation.testUpdate(Automation.java:23)
at APPTEST.java.Automation.testUpdate(Automation.java:23)
at APPTEST.java.Automation.testUpdate(Automation.java:23)
at APPTEST.java.Automation.testUpdate(Automation.java:23)
at APPTEST.java.Automation.testUpdate(Automation.java:23)
at APPTEST.java.Automation.testUpdate(Automation.java:23)
at APPTEST.java.Automation.testUpdate(Automation.java:23)
at APPTEST.java.Automation.testUpdate(Automation.java:23)
at APPTEST.java.Automation.testUpdate(Automation.java:23)
at APPTEST.java.Automation.testUpdate(Automation.java:23)
at APPTEST.java.Automation.testUpdate(Automation.java:23)
at APPTEST.java.Automation.testUpdate(Automation.java:23)
at APPTEST.java.Automation.testUpdate(Automation.java:23)
at APPTEST.java.Automation.testUpdate(Automation.java:23)
at APPTEST.java.Automation.testUpdate(Automation.java:23)
at APPTEST.java.Automation.testUpdate(Automation.java:23)
at APPTEST.java.Automation.testUpdate(Automation.java:23)
at APPTEST.java.Automation.testUpdate(Automation.java:23)
at APPTEST.java.Automation.testUpdate(Automation.java:23)
at APPTEST.java.Automation.testUpdate(Automation.java:23)
at APPTEST.java.Automation.testUpdate(Automation.java:23)
at APPTEST.java.Automation.testUpdate(Automation.java:23)
at APPTEST.java.Automation.testUpdate(Automation.java:23)
at APPTEST.java.Automation.testUpdate(Automation.java:23)
at APPTEST.java.Automation.testUpdate(Automation.java:23)
at APPTEST.java.Automation.testUpdate(Automation.java:23)
at APPTEST.java.Automation.testUpdate(Automation.java:23)
at APPTEST.java.Automation.testUpdate(Automation.java:23)
at APPTEST.java.Automation.testUpdate(Automation.java:23)
at APPTEST.java.Automation.testUpdate(Automation.java:23)
at APPTEST.java.Automation.testUpdate(Automation.java:23)
at APPTEST.java.Automation.testUpdate(Automation.java:23)
at APPTEST.java.Automation.testUpdate(Automation.java:23)
at APPTEST.java.Automation.testUpdate(Automation.java:23)
at APPTEST.java.Automation.testUpdate(Automation.java:23)
at APPTEST.java.Automation.testUpdate(Automation.java:23)
at APPTEST.java.Automation.testUpdate(Automation.java:23)
at APPTEST.java.Automation.testUpdate(Automation.java:23)
at APPTEST.java.Automation.testUpdate(Automation.java:23)
at APPTEST.java.Automation.testUpdate(Automation.java:23)
at APPTEST.java.Automation.testUpdate(Automation.java:23)
at APPTEST.java.Automation.testUpdate(Automation.java:23)
at APPTEST.java.Automation.testUpdate(Automation.java:23)
at APPTEST.java.Automation.testUpdate(Automation.java:23)
at APPTEST.java.Automation.testUpdate(Automation.java:23)
at APPTEST.java.Automation.testUpdate(Automation.java:23)
at APPTEST.java.Automation.testUpdate(Automation.java:23)
at APPTEST.java.Automation.testUpdate(Automation.java:23)
at APPTEST.java.Automation.testUpdate(Automation.java:23)
at APPTEST.java.Automation.testUpdate(Automation.java:23)
at APPTEST.java.Automation.testUpdate(Automation.java:23)
at APPTEST.java.Automation.testUpdate(Automation.java:23)
at APPTEST.java.Automation.testUpdate(Automation.java:23)
at APPTEST.java.Automation.testUpdate(Automation.java:23)
at APPTEST.java.Automation.testUpdate(Automation.java:23)
at APPTEST.java.Automation.testUpdate(Automation.java:23)
at APPTEST.java.Automation.testUpdate(Automation.java:23)
at APPTEST.java.Automation.testUpdate(Automation.java:23)
at APPTEST.java.Automation.testUpdate(Automation.java:23)
at APPTEST.java.Automation.testUpdate(Automation.java:23)
at APPTEST.java.Automation.testUpdate(Automation.java:23)
at APPTEST.java.Automation.testUpdate(Automation.java:23)
at APPTEST.java.Automation.testUpdate(Automation.java:23)
at APPTEST.java.Automation.testUpdate(Automation.java:23)
at APPTEST.java.Automation.testUpdate(Automation.java:23)
at APPTEST.java.Automation.testUpdate(Automation.java:23)
at APPTEST.java.Automation.testUpdate(Automation.java:23)
at APPTEST.java.Automation.testUpdate(Automation.java:23)
at APPTEST.java.Automation.testUpdate(Automation.java:23)
at APPTEST.java.Automation.testUpdate(Automation.java:23)
at APPTEST.java.Automation.testUpdate(Automation.java:23)
at APPTEST.java.Automation.testUpdate(Automation.java:23)
at APPTEST.java.Automation.testUpdate(Automation.java:23)
at APPTEST.java.Automation.testUpdate(Automation.java:23)
at APPTEST.java.Automation.testUpdate(Automation.java:23)
at APPTEST.java.Automation.testUpdate(Automation.java:23)
at APPTEST.java.Automation.testUpdate(Automation.java:23)
at APPTEST.java.Automation.testUpdate(Automation.java:23)
at APPTEST.java.Automation.testUpdate(Automation.java:23)
at APPTEST.java.Automation.testUpdate(Automation.java:23)
at APPTEST.java.Automation.testUpdate(Automation.java:23)
at APPTEST.java.Automation.testUpdate(Automation.java:23)
at APPTEST.java.Automation.testUpdate(Automation.java:23)
at APPTEST.java.Automation.testUpdate(Automation.java:23)
at APPTEST.java.Automation.testUpdate(Automation.java:23)
at APPTEST.java.Automation.testUpdate(Automation.java:23)
at APPTEST.java.Automation.testUpdate(Automation.java:23)
at APPTEST.java.Automation.testUpdate(Automation.java:23)
at APPTEST.java.Automation.testUpdate(Automation.java:23)
at APPTEST.java.Automation.testUpdate(Automation.java:23)
at APPTEST.java.Automation.testUpdate(Automation.java:23)
at APPTEST.java.Automation.testUpdate(Automation.java:23)
at APPTEST.java.Automation.testUpdate(Automation.java:23)
at APPTEST.java.Automation.testUpdate(Automation.java:23)
at APPTEST.java.Automation.testUpdate(Automation.java:23)
at APPTEST.java.Automation.testUpdate(Automation.java:23)
at APPTEST.java.Automation.testUpdate(Automation.java:23)
at APPTEST.java.Automation.testUpdate(Automation.java:23)
at APPTEST.java.Automation.testUpdate(Automation.java:23)
at APPTEST.java.Automation.testUpdate(Automation.java:23)
at APPTEST.java.Automation.testUpdate(Automation.java:23)
at APPTEST.java.Automation.testUpdate(Automation.java:23)
at APPTEST.java.Automation.testUpdate(Automation.java:23)
at APPTEST.java.Automation.testUpdate(Automation.java:23)
at APPTEST.java.Automation.testUpdate(Automation.java:23)
at APPTEST.java.Automation.testUpdate(Automation.java:23)
at APPTEST.java.Automation.testUpdate(Automation.java:23)
at APPTEST.java.Automation.testUpdate(Automation.java:23)
at APPTEST.java.Automation.testUpdate(Automation.java:23)
at APPTEST.java.Automation.testUpdate(Automation.java:23)
at APPTEST.java.Automation.testUpdate(Automation.java:23)
at APPTEST.java.Automation.testUpdate(Automation.java:23)
at APPTEST.java.Automation.testUpdate(Automation.java:23)
at APPTEST.java.Automation.testUpdate(Automation.java:23)
at APPTEST.java.Automation.testUpdate(Automation.java:23)
at APPTEST.java.Automation.testUpdate(Automation.java:23)
at APPTEST.java.Automation.testUpdate(Automation.java:23)
at APPTEST.java.Automation.testUpdate(Automation.java:23)
at APPTEST.java.Automation.testUpdate(Automation.java:23)
at APPTEST.java.Automation.testUpdate(Automation.java:23)
at APPTEST.java.Automation.testUpdate(Automation.java:23)
at APPTEST.java.Automation.testUpdate(Automation.java:23)
at APPTEST.java.Automation.testUpdate(Automation.java:23)
at APPTEST.java.Automation.testUpdate(Automation.java:23)
at APPTEST.java.Automation.testUpdate(Automation.java:23)
at APPTEST.java.Automation.testUpdate(Automation.java:23)
at APPTEST.java.Automation.testUpdate(Automation.java:23)
at APPTEST.java.Automation.testUpdate(Automation.java:23)
at APPTEST.java.Automation.testUpdate(Automation.java:23)
at APPTEST.java.Automation.testUpdate(Automation.java:23)
at APPTEST.java.Automation.testUpdate(Automation.java:23)
at APPTEST.java.Automation.testUpdate(Automation.java:23)
at APPTEST.java.Automation.testUpdate(Automation.java:23)
at APPTEST.java.Automation.testUpdate(Automation.java:23)
at APPTEST.java.Automation.testUpdate(Automation.java:23)
at APPTEST.java.Automation.testUpdate(Automation.java:23)
at APPTEST.java.Automation.testUpdate(Automation.java:23)
at APPTEST.java.Automation.testUpdate(Automation.java:23)
at APPTEST.java.Automation.testUpdate(Automation.java:23)
at APPTEST.java.Automation.testUpdate(Automation.java:23)
at APPTEST.java.Automation.testUpdate(Automation.java:23)
at APPTEST.java.Automation.testUpdate(Automation.java:23)
at APPTEST.java.Automation.testUpdate(Automation.java:23)
at APPTEST.java.Automation.testUpdate(Automation.java:23)
at APPTEST.java.Automation.testUpdate(Automation.java:23)
at APPTEST.java.Automation.testUpdate(Automation.java:23)
at APPTEST.java.Automation.testUpdate(Automation.java:23)
at APPTEST.java.Automation.testUpdate(Automation.java:23)
at APPTEST.java.Automation.testUpdate(Automation.java:23)
at APPTEST.java.Automation.testUpdate(Automation.java:23)
at APPTEST.java.Automation.testUpdate(Automation.java:23)
at APPTEST.java.Automation.testUpdate(Automation.java:23)
at APPTEST.java.Automation.testUpdate(Automation.java:23)
at APPTEST.java.Automation.testUpdate(Automation.java:23)
at APPTEST.java.Automation.testUpdate(Automation.java:23)
at APPTEST.java.Automation.testUpdate(Automation.java:23)
at APPTEST.java.Automation.testUpdate(Automation.java:23)
at APPTEST.java.Automation.testUpdate(Automation.java:23)
at APPTEST.java.Automation.testUpdate(Automation.java:23)
at APPTEST.java.Automation.testUpdate(Automation.java:23)
at APPTEST.java.Automation.testUpdate(Automation.java:23)
at APPTEST.java.Automation.testUpdate(Automation.java:23)
at APPTEST.java.Automation.testUpdate(Automation.java:23)
at APPTEST.java.Automation.testUpdate(Automation.java:23)
at APPTEST.java.Automation.testUpdate(Automation.java:23)
at APPTEST.java.Automation.testUpdate(Automation.java:23)
at APPTEST.java.Automation.testUpdate(Automation.java:23)
at APPTEST.java.Automation.testUpdate(Automation.java:23)
at APPTEST.java.Automation.testUpdate(Automation.java:23)
at APPTEST.java.Automation.testUpdate(Automation.java:23)
at APPTEST.java.Automation.testUpdate(Automation.java:23)
at APPTEST.java.Automation.testUpdate(Automation.java:23)
at APPTEST.java.Automation.testUpdate(Automation.java:23)
at APPTEST.java.Automation.testUpdate(Automation.java:23)
at APPTEST.java.Automation.testUpdate(Automation.java:23)
at APPTEST.java.Automation.testUpdate(Automation.java:23)
at APPTEST.java.Automation.testUpdate(Automation.java:23)
at APPTEST.java.Automation.testUpdate(Automation.java:23)
at APPTEST.java.Automation.testUpdate(Automation.java:23)
at APPTEST.java.Automation.testUpdate(Automation.java:23)
at APPTEST.java.Automation.testUpdate(Automation.java:23)
at APPTEST.java.Automation.testUpdate(Automation.java:23)
at APPTEST.java.Automation.testUpdate(Automation.java:23)
at APPTEST.java.Automation.testUpdate(Automation.java:23)
at APPTEST.java.Automation.testUpdate(Automation.java:23)
at APPTEST.java.Automation.testUpdate(Automation.java:23)
at APPTEST.java.Automation.testUpdate(Automation.java:23)
at APPTEST.java.Automation.testUpdate(Automation.java:23)
at APPTEST.java.Automation.testUpdate(Automation.java:23)
at APPTEST.java.Automation.testUpdate(Automation.java:23)
at APPTEST.java.Automation.testUpdate(Automation.java:23)
at APPTEST.java.Automation.testUpdate(Automation.java:23)
at APPTEST.java.Automation.testUpdate(Automation.java:23)
at APPTEST.java.Automation.testUpdate(Automation.java:23)
at APPTEST.java.Automation.testUpdate(Automation.java:23)
at APPTEST.java.Automation.testUpdate(Automation.java:23)
at APPTEST.java.Automation.testUpdate(Automation.java:23)
at APPTEST.java.Automation.testUpdate(Automation.java:23)
at APPTEST.java.Automation.testUpdate(Automation.java:23)
at APPTEST.java.Automation.testUpdate(Automation.java:23)
at APPTEST.java.Automation.testUpdate(Automation.java:23)
at APPTEST.java.Automation.testUpdate(Automation.java:23)
at APPTEST.java.Automation.testUpdate(Automation.java:23)
at APPTEST.java.Automation.testUpdate(Automation.java:23)
at APPTEST.java.Automation.testUpdate(Automation.java:23)
at APPTEST.java.Automation.testUpdate(Automation.java:23)
at APPTEST.java.Automation.testUpdate(Automation.java:23)
at APPTEST.java.Automation.testUpdate(Automation.java:23)
at APPTEST.java.Automation.testUpdate(Automation.java:23)
at APPTEST.java.Automation.testUpdate(Automation.java:23)
at APPTEST.java.Automation.testUpdate(Automation.java:23)
at APPTEST.java.Automation.testUpdate(Automation.java:23)
at APPTEST.java.Automation.testUpdate(Automation.java:23)
at APPTEST.java.Automation.testUpdate(Automation.java:23)
at APPTEST.java.Automation.testUpdate(Automation.java:23)
at APPTEST.java.Automation.testUpdate(Automation.java:23)
at APPTEST.java.Automation.testUpdate(Automation.java:23)
at APPTEST.java.Automation.testUpdate(Automation.java:23)
at APPTEST.java.Automation.testUpdate(Automation.java:23)
at APPTEST.java.Automation.testUpdate(Automation.java:23)
at APPTEST.java.Automation.testUpdate(Automation.java:23)
at APPTEST.java.Automation.testUpdate(Automation.java:23)
at APPTEST.java.Automation.testUpdate(Automation.java:23)
at APPTEST.java.Automation.testUpdate(Automation.java:23)
at APPTEST.java.Automation.testUpdate(Automation.java:23)
at APPTEST.java.Automation.testUpdate(Automation.java:23)
at APPTEST.java.Automation.testUpdate(Automation.java:23)
at APPTEST.java.Automation.testUpdate(Automation.java:23)
at APPTEST.java.Automation.testUpdate(Automation.java:23)
at APPTEST.java.Automation.testUpdate(Automation.java:23)
at APPTEST.java.Automation.testUpdate(Automation.java:23)
at APPTEST.java.Automation.testUpdate(Automation.java:23)
at APPTEST.java.Automation.testUpdate(Automation.java:23)
at APPTEST.java.Automation.testUpdate(Automation.java:23)
at APPTEST.java.Automation.testUpdate(Automation.java:23)
at APPTEST.java.Automation.testUpdate(Automation.java:23)
at APPTEST.java.Automation.testUpdate(Automation.java:23)
at APPTEST.java.Automation.testUpdate(Automation.java:23)
at APPTEST.java.Automation.testUpdate(Automation.java:23)
at APPTEST.java.Automation.testUpdate(Automation.java:23)
at APPTEST.java.Automation.testUpdate(Automation.java:23)
at APPTEST.java.Automation.testUpdate(Automation.java:23)
at APPTEST.java.Automation.testUpdate(Automation.java:23)
at APPTEST.java.Automation.testUpdate(Automation.java:23)
at APPTEST.java.Automation.testUpdate(Automation.java:23)
at APPTEST.java.Automation.testUpdate(Automation.java:23)
at APPTEST.java.Automation.testUpdate(Automation.java:23)
at APPTEST.java.Automation.testUpdate(Automation.java:23)
at APPTEST.java.Automation.testUpdate(Automation.java:23)
at APPTEST.java.Automation.testUpdate(Automation.java:23)
at APPTEST.java.Automation.testUpdate(Automation.java:23)
at APPTEST.java.Automation.testUpdate(Automation.java:23)
at APPTEST.java.Automation.testUpdate(Automation.java:23)
at APPTEST.java.Automation.testUpdate(Automation.java:23)
at APPTEST.java.Automation.testUpdate(Automation.java:23)
at APPTEST.java.Automation.testUpdate(Automation.java:23)
at APPTEST.java.Automation.testUpdate(Automation.java:23)
at APPTEST.java.Automation.testUpdate(Automation.java:23)
at APPTEST.java.Automation.testUpdate(Automation.java:23)
at APPTEST.java.Automation.testUpdate(Automation.java:23)
at APPTEST.java.Automation.testUpdate(Automation.java:23)
at APPTEST.java.Automation.testUpdate(Automation.java:23)
at APPTEST.java.Automation.testUpdate(Automation.java:23)
at APPTEST.java.Automation.testUpdate(Automation.java:23)
at APPTEST.java.Automation.testUpdate(Automation.java:23)
at APPTEST.java.Automation.testUpdate(Automation.java:23)
at APPTEST.java.Automation.testUpdate(Automation.java:23)
at APPTEST.java.Automation.testUpdate(Automation.java:23)
at APPTEST.java.Automation.testUpdate(Automation.java:23)
at APPTEST.java.Automation.testUpdate(Automation.java:23)
at APPTEST.java.Automation.testUpdate(Automation.java:23)
at APPTEST.java.Automation.testUpdate(Automation.java:23)
at APPTEST.java.Automation.testUpdate(Automation.java:23)
at APPTEST.java.Automation.testUpdate(Automation.java:23)
at APPTEST.java.Automation.testUpdate(Automation.java:23)
at APPTEST.java.Automation.testUpdate(Automation.java:23)
at APPTEST.java.Automation.testUpdate(Automation.java:23)
at APPTEST.java.Automation.testUpdate(Automation.java:23)
at APPTEST.java.Automation.testUpdate(Automation.java:23)
at APPTEST.java.Automation.testUpdate(Automation.java:23)
at APPTEST.java.Automation.testUpdate(Automation.java:23)
at APPTEST.java.Automation.testUpdate(Automation.java:23)
at APPTEST.java.Automation.testUpdate(Automation.java:23)
at APPTEST.java.Automation.testUpdate(Automation.java:23)
at APPTEST.java.Automation.testUpdate(Automation.java:23)
at APPTEST.java.Automation.testUpdate(Automation.java:23)
at APPTEST.java.Automation.testUpdate(Automation.java:23)
at APPTEST.java.Automation.testUpdate(Automation.java:23)
at APPTEST.java.Automation.testUpdate(Automation.java:23)
at APPTEST.java.Automation.testUpdate(Automation.java:23)
at APPTEST.java.Automation.testUpdate(Automation.java:23)
at APPTEST.java.Automation.testUpdate(Automation.java:23)
at APPTEST.java.Automation.testUpdate(Automation.java:23)
at APPTEST.java.Automation.testUpdate(Automation.java:23)
at APPTEST.java.Automation.testUpdate(Automation.java:23)
at APPTEST.java.Automation.testUpdate(Automation.java:23)
at APPTEST.java.Automation.testUpdate(Automation.java:23)
at APPTEST.java.Automation.testUpdate(Automation.java:23)
at APPTEST.java.Automation.testUpdate(Automation.java:23)
at APPTEST.java.Automation.testUpdate(Automation.java:23)
at APPTEST.java.Automation.testUpdate(Automation.java:23)
at APPTEST.java.Automation.testUpdate(Automation.java:23)
at APPTEST.java.Automation.testUpdate(Automation.java:23)
at APPTEST.java.Automation.testUpdate(Automation.java:23)
at APPTEST.java.Automation.testUpdate(Automation.java:23)
at APPTEST.java.Automation.testUpdate(Automation.java:23)
at APPTEST.java.Automation.testUpdate(Automation.java:23)
at APPTEST.java.Automation.testUpdate(Automation.java:23)
at APPTEST.java.Automation.testUpdate(Automation.java:23)
at APPTEST.java.Automation.testUpdate(Automation.java:23)
at APPTEST.java.Automation.testUpdate(Automation.java:23)
at APPTEST.java.Automation.testUpdate(Automation.java:23)
at APPTEST.java.Automation.testUpdate(Automation.java:23)
at APPTEST.java.Automation.testUpdate(Automation.java:23)
at APPTEST.java.Automation.testUpdate(Automation.java:23)
at APPTEST.java.Automation.testUpdate(Automation.java:23)
at APPTEST.java.Automation.testUpdate(Automation.java:23)
at APPTEST.java.Automation.testUpdate(Automation.java:23)
at APPTEST.java.Automation.testUpdate(Automation.java:23)
at APPTEST.java.Automation.testUpdate(Automation.java:23)
at APPTEST.java.Automation.testUpdate(Automation.java:23)
at APPTEST.java.Automation.testUpdate(Automation.java:23)
at APPTEST.java.Automation.testUpdate(Automation.java:23)
at APPTEST.java.Automation.testUpdate(Automation.java:23)
at APPTEST.java.Automation.testUpdate(Automation.java:23)
at APPTEST.java.Automation.testUpdate(Automation.java:23)
at APPTEST.java.Automation.testUpdate(Automation.java:23)
at APPTEST.java.Automation.testUpdate(Automation.java:23)
at APPTEST.java.Automation.testUpdate(Automation.java:23)
at APPTEST.java.Automation.testUpdate(Automation.java:23)
at APPTEST.java.Automation.testUpdate(Automation.java:23)
at APPTEST.java.Automation.testUpdate(Automation.java:23)
at APPTEST.java.Automation.testUpdate(Automation.java:23)
at APPTEST.java.Automation.testUpdate(Automation.java:23)
at APPTEST.java.Automation.testUpdate(Automation.java:23)
at APPTEST.java.Automation.testUpdate(Automation.java:23)
at APPTEST.java.Automation.testUpdate(Automation.java:23)
at APPTEST.java.Automation.testUpdate(Automation.java:23)
at APPTEST.java.Automation.testUpdate(Automation.java:23)
at APPTEST.java.Automation.testUpdate(Automation.java:23)
at APPTEST.java.Automation.testUpdate(Automation.java:23)
at APPTEST.java.Automation.testUpdate(Automation.java:23)
at APPTEST.java.Automation.testUpdate(Automation.java:23)
at APPTEST.java.Automation.testUpdate(Automation.java:23)
at APPTEST.java.Automation.testUpdate(Automation.java:23)
at APPTEST.java.Automation.testUpdate(Automation.java:23)
at APPTEST.java.Automation.testUpdate(Automation.java:23)
at APPTEST.java.Automation.testUpdate(Automation.java:23)
at APPTEST.java.Automation.testUpdate(Automation.java:23)
at APPTEST.java.Automation.testUpdate(Automation.java:23)
at APPTEST.java.Automation.testUpdate(Automation.java:23)
at APPTEST.java.Automation.testUpdate(Automation.java:23)
at APPTEST.java.Automation.testUpdate(Automation.java:23)
at APPTEST.java.Automation.testUpdate(Automation.java:23)
at APPTEST.java.Automation.testUpdate(Automation.java:23)
at APPTEST.java.Automation.testUpdate(Automation.java:23)
at APPTEST.java.Automation.testUpdate(Automation.java:23)
at APPTEST.java.Automation.testUpdate(Automation.java:23)
at APPTEST.java.Automation.testUpdate(Automation.java:23)
at APPTEST.java.Automation.testUpdate(Automation.java:23)
at APPTEST.java.Automation.testUpdate(Automation.java:23)
at APPTEST.java.Automation.testUpdate(Automation.java:23)
at APPTEST.java.Automation.testUpdate(Automation.java:23)
at APPTEST.java.Automation.testUpdate(Automation.java:23)
at APPTEST.java.Automation.testUpdate(Automation.java:23)
at APPTEST.java.Automation.testUpdate(Automation.java:23)
at APPTEST.java.Automation.testUpdate(Automation.java:23)
at APPTEST.java.Automation.testUpdate(Automation.java:23)
at APPTEST.java.Automation.testUpdate(Automation.java:23)
at APPTEST.java.Automation.testUpdate(Automation.java:23)
at APPTEST.java.Automation.testUpdate(Automation.java:23)
at APPTEST.java.Automation.testUpdate(Automation.java:23)
at APPTEST.java.Automation.testUpdate(Automation.java:23)
at APPTEST.java.Automation.testUpdate(Automation.java:23)
at APPTEST.java.Automation.testUpdate(Automation.java:23)
at APPTEST.java.Automation.testUpdate(Automation.java:23)
at APPTEST.java.Automation.testUpdate(Automation.java:23)
at APPTEST.java.Automation.testUpdate(Automation.java:23)
at APPTEST.java.Automation.testUpdate(Automation.java:23)
at APPTEST.java.Automation.testUpdate(Automation.java:23)
at APPTEST.java.Automation.testUpdate(Automation.java:23)
at APPTEST.java.Automation.testUpdate(Automation.java:23)
at APPTEST.java.Automation.testUpdate(Automation.java:23)
at APPTEST.java.Automation.testUpdate(Automation.java:23)
at APPTEST.java.Automation.testUpdate(Automation.java:23)
at APPTEST.java.Automation.testUpdate(Automation.java:23)
at APPTEST.java.Automation.testUpdate(Automation.java:23)
at APPTEST.java.Automation.testUpdate(Automation.java:23)
at APPTEST.java.Automation.testUpdate(Automation.java:23)
at APPTEST.java.Automation.testUpdate(Automation.java:23)
at APPTEST.java.Automation.testUpdate(Automation.java:23)
at APPTEST.java.Automation.testUpdate(Automation.java:23)
at APPTEST.java.Automation.testUpdate(Automation.java:23)
at APPTEST.java.Automation.testUpdate(Automation.java:23)
at APPTEST.java.Automation.testUpdate(Automation.java:23)
at APPTEST.java.Automation.testUpdate(Automation.java:23)
at APPTEST.java.Automation.testUpdate(Automation.java:23)
at APPTEST.java.Automation.testUpdate(Automation.java:23)
at APPTEST.java.Automation.testUpdate(Automation.java:23)
at APPTEST.java.Automation.testUpdate(Automation.java:23)
at APPTEST.java.Automation.testUpdate(Automation.java:23)
at APPTEST.java.Automation.testUpdate(Automation.java:23)
at APPTEST.java.Automation.testUpdate(Automation.java:23)
at APPTEST.java.Automation.testUpdate(Automation.java:23)
at APPTEST.java.Automation.testUpdate(Automation.java:23)
at APPTEST.java.Automation.testUpdate(Automation.java:23)
at APPTEST.java.Automation.testUpdate(Automation.java:23)
at APPTEST.java.Automation.testUpdate(Automation.java:23)
at APPTEST.java.Automation.testUpdate(Automation.java:23)
at APPTEST.java.Automation.testUpdate(Automation.java:23)
at APPTEST.java.Automation.testUpdate(Automation.java:23)
at APPTEST.java.Automation.testUpdate(Automation.java:23)
at APPTEST.java.Automation.testUpdate(Automation.java:23)
at APPTEST.java.Automation.testUpdate(Automation.java:23)
at APPTEST.java.Automation.testUpdate(Automation.java:23)
at APPTEST.java.Automation.testUpdate(Automation.java:23)
at APPTEST.java.Automation.testUpdate(Automation.java:23)
at APPTEST.java.Automation.testUpdate(Automation.java:23)
at APPTEST.java.Automation.testUpdate(Automation.java:23)
at APPTEST.java.Automation.testUpdate(Automation.java:23)
at APPTEST.java.Automation.testUpdate(Automation.java:23)
at APPTEST.java.Automation.testUpdate(Automation.java:23)
at APPTEST.java.Automation.testUpdate(Automation.java:23)
at APPTEST.java.Automation.testUpdate(Automation.java:23)
at APPTEST.java.Automation.testUpdate(Automation.java:23)
at APPTEST.java.Automation.testUpdate(Automation.java:23)
at APPTEST.java.Automation.testUpdate(Automation.java:23)
at APPTEST.java.Automation.testUpdate(Automation.java:23)
at APPTEST.java.Automation.testUpdate(Automation.java:23)
at APPTEST.java.Automation.testUpdate(Automation.java:23)
at APPTEST.java.Automation.testUpdate(Automation.java:23)
at APPTEST.java.Automation.testUpdate(Automation.java:23)
at APPTEST.java.Automation.testUpdate(Automation.java:23)
at APPTEST.java.Automation.testUpdate(Automation.java:23)
at APPTEST.java.Automation.testUpdate(Automation.java:23)
at APPTEST.java.Automation.testUpdate(Automation.java:23)
at APPTEST.java.Automation.testUpdate(Automation.java:23)
at APPTEST.java.Automation.testUpdate(Automation.java:23)
at APPTEST.java.Automation.testUpdate(Automation.java:23)
at APPTEST.java.Automation.testUpdate(Automation.java:23)
at APPTEST.java.Automation.testUpdate(Automation.java:23)
at APPTEST.java.Automation.testUpdate(Automation.java:23)
at APPTEST.java.Automation.testUpdate(Automation.java:23)
at APPTEST.java.Automation.testUpdate(Automation.java:23)
at APPTEST.java.Automation.testUpdate(Automation.java:23)
at APPTEST.java.Automation.testUpdate(Automation.java:23)
at APPTEST.java.Automation.testUpdate(Automation.java:23)
at APPTEST.java.Automation.testUpdate(Automation.java:23)
at APPTEST.java.Automation.testUpdate(Automation.java:23)
at APPTEST.java.Automation.testUpdate(Automation.java:23)
at APPTEST.java.Automation.testUpdate(Automation.java:23)
at APPTEST.java.Automation.testUpdate(Automation.java:23)
at APPTEST.java.Automation.testUpdate(Automation.java:23)
at APPTEST.java.Automation.testUpdate(Automation.java:23)
at APPTEST.java.Automation.testUpdate(Automation.java:23)
at APPTEST.java.Automation.testUpdate(Automation.java:23)
at APPTEST.java.Automation.testUpdate(Automation.java:23)
at APPTEST.java.Automation.testUpdate(Automation.java:23)
at APPTEST.java.Automation.testUpdate(Automation.java:23)
at APPTEST.java.Automation.testUpdate(Automation.java:23)
at APPTEST.java.Automation.testUpdate(Automation.java:23)
at APPTEST.java.Automation.testUpdate(Automation.java:23)
at APPTEST.java.Automation.testUpdate(Automation.java:23)
at APPTEST.java.Automation.testUpdate(Automation.java:23)
at APPTEST.java.Automation.testUpdate(Automation.java:23)
at APPTEST.java.Automation.testUpdate(Automation.java:23)
at APPTEST.java.Automation.testUpdate(Automation.java:23)
at APPTEST.java.Automation.testUpdate(Automation.java:23)
at APPTEST.java.Automation.testUpdate(Automation.java:23)
at APPTEST.java.Automation.testUpdate(Automation.java:23)
at APPTEST.java.Automation.testUpdate(Automation.java:23)
at APPTEST.java.Automation.testUpdate(Automation.java:23)
at APPTEST.java.Automation.testUpdate(Automation.java:23)
at APPTEST.java.Automation.testUpdate(Automation.java:23)
at APPTEST.java.Automation.testUpdate(Automation.java:23)
at APPTEST.java.Automation.testUpdate(Automation.java:23)
at APPTEST.java.Automation.testUpdate(Automation.java:23)
at APPTEST.java.Automation.testUpdate(Automation.java:23)
at APPTEST.java.Automation.testUpdate(Automation.java:23)
at APPTEST.java.Automation.testUpdate(Automation.java:23)
at APPTEST.java.Automation.testUpdate(Automation.java:23)
at APPTEST.java.Automation.testUpdate(Automation.java:23)
at APPTEST.java.Automation.testUpdate(Automation.java:23)
at APPTEST.java.Automation.testUpdate(Automation.java:23)
at APPTEST.java.Automation.testUpdate(Automation.java:23)
at APPTEST.java.Automation.testUpdate(Automation.java:23)
at APPTEST.java.Automation.testUpdate(Automation.java:23)
at APPTEST.java.Automation.testUpdate(Automation.java:23)
at APPTEST.java.Automation.testUpdate(Automation.java:23)
at APPTEST.java.Automation.testUpdate(Automation.java:23)
at APPTEST.java.Automation.testUpdate(Automation.java:23)
at APPTEST.java.Automation.testUpdate(Automation.java:23)
at APPTEST.java.Automation.testUpdate(Automation.java:23)
at APPTEST.java.Automation.testUpdate(Automation.java:23)
at APPTEST.java.Automation.testUpdate(Automation.java:23)
at APPTEST.java.Automation.testUpdate(Automation.java:23)
at APPTEST.java.Automation.testUpdate(Automation.java:23)
at APPTEST.java.Automation.testUpdate(Automation.java:23)
at APPTEST.java.Automation.testUpdate(Automation.java:23)
at APPTEST.java.Automation.testUpdate(Automation.java:23)
at APPTEST.java.Automation.testUpdate(Automation.java:23)
at APPTEST.java.Automation.testUpdate(Automation.java:23)
at APPTEST.java.Automation.testUpdate(Automation.java:23)
at APPTEST.java.Automation.testUpdate(Automation.java:23)
at APPTEST.java.Automation.testUpdate(Automation.java:23)
at APPTEST.java.Automation.testUpdate(Automation.java:23)
at APPTEST.java.Automation.testUpdate(Automation.java:23)
at APPTEST.java.Automation.testUpdate(Automation.java:23)
at APPTEST.java.Automation.testUpdate(Automation.java:23)
at APPTEST.java.Automation.testUpdate(Automation.java:23)
at APPTEST.java.Automation.testUpdate(Automation.java:23)
at APPTEST.java.Automation.testUpdate(Automation.java:23)
at APPTEST.java.Automation.testUpdate(Automation.java:23)
at APPTEST.java.Automation.testUpdate(Automation.java:23)
at APPTEST.java.Automation.testUpdate(Automation.java:23)
at APPTEST.java.Automation.testUpdate(Automation.java:23)
at APPTEST.java.Automation.testUpdate(Automation.java:23)
at APPTEST.java.Automation.testUpdate(Automation.java:23)
at APPTEST.java.Automation.testUpdate(Automation.java:23)
at APPTEST.java.Automation.testUpdate(Automation.java:23)
at APPTEST.java.Automation.testUpdate(Automation.java:23)
at APPTEST.java.Automation.testUpdate(Automation.java:23)
at APPTEST.java.Automation.testUpdate(Automation.java:23)
at APPTEST.java.Automation.testUpdate(Automation.java:23)
at APPTEST.java.Automation.testUpdate(Automation.java:23)
at APPTEST.java.Automation.testUpdate(Automation.java:23)
at APPTEST.java.Automation.testUpdate(Automation.java:23)
at APPTEST.java.Automation.testUpdate(Automation.java:23)
at APPTEST.java.Automation.testUpdate(Automation.java:23)
at APPTEST.java.Automation.testUpdate(Automation.java:23)
at APPTEST.java.Automation.testUpdate(Automation.java:23)
at APPTEST.java.Automation.testUpdate(Automation.java:23)
at APPTEST.java.Automation.testUpdate(Automation.java:23)
at APPTEST.java.Automation.testUpdate(Automation.java:23)
at APPTEST.java.Automation.testUpdate(Automation.java:23)
at APPTEST.java.Automation.testUpdate(Automation.java:23)
at APPTEST.java.Automation.testUpdate(Automation.java:23)
at APPTEST.java.Automation.testUpdate(Automation.java:23)
at APPTEST.java.Automation.testUpdate(Automation.java:23)
at APPTEST.java.Automation.testUpdate(Automation.java:23)
at APPTEST.java.Automation.testUpdate(Automation.java:23)
at APPTEST.java.Automation.testUpdate(Automation.java:23)
at APPTEST.java.Automation.testUpdate(Automation.java:23)
at APPTEST.java.Automation.testUpdate(Automation.java:23)
at APPTEST.java.Automation.testUpdate(Automation.java:23)
at APPTEST.java.Automation.testUpdate(Automation.java:23)
at APPTEST.java.Automation.testUpdate(Automation.java:23)
at APPTEST.java.Automation.testUpdate(Automation.java:23)
at APPTEST.java.Automation.testUpdate(Automation.java:23)
at APPTEST.java.Automation.testUpdate(Automation.java:23)
at APPTEST.java.Automation.testUpdate(Automation.java:23)
at APPTEST.java.Automation.testUpdate(Automation.java:23)
at APPTEST.java.Automation.testUpdate(Automation.java:23)
at APPTEST.java.Automation.testUpdate(Automation.java:23)
at APPTEST.java.Automation.testUpdate(Automation.java:23)
at APPTEST.java.Automation.testUpdate(Automation.java:23)
at APPTEST.java.Automation.testUpdate(Automation.java:23)
at APPTEST.java.Automation.testUpdate(Automation.java:23)
at APPTEST.java.Automation.testUpdate(Automation.java:23)
at APPTEST.java.Automation.testUpdate(Automation.java:23)
at APPTEST.java.Automation.testUpdate(Automation.java:23)
at APPTEST.java.Automation.testUpdate(Automation.java:23)
at APPTEST.java.Automation.testUpdate(Automation.java:23)
at APPTEST.java.Automation.testUpdate(Automation.java:23)
at APPTEST.java.Automation.testUpdate(Automation.java:23)
at APPTEST.java.Automation.testUpdate(Automation.java:23)
at APPTEST.java.Automation.testUpdate(Automation.java:23)
at APPTEST.java.Automation.testUpdate(Automation.java:23)
at APPTEST.java.Automation.testUpdate(Automation.java:23)
at APPTEST.java.Automation.testUpdate(Automation.java:23)
at APPTEST.java.Automation.testUpdate(Automation.java:23)
at APPTEST.java.Automation.testUpdate(Automation.java:23)
at APPTEST.java.Automation.testUpdate(Automation.java:23)
at APPTEST.java.Automation.testUpdate(Automation.java:23)
at APPTEST.java.Automation.testUpdate(Automation.java:23)
at APPTEST.java.Automation.testUpdate(Automation.java:23)
at APPTEST.java.Automation.testUpdate(Automation.java:23)
at APPTEST.java.Automation.testUpdate(Automation.java:23)
at APPTEST.java.Automation.testUpdate(Automation.java:23)
at APPTEST.java.Automation.testUpdate(Automation.java:23)
at APPTEST.java.Automation.testUpdate(Automation.java:23)
at APPTEST.java.Automation.testUpdate(Automation.java:23)
at APPTEST.java.Automation.testUpdate(Automation.java:23)
at APPTEST.java.Automation.testUpdate(Automation.java:23)
at APPTEST.java.Automation.testUpdate(Automation.java:23)
at APPTEST.java.Automation.testUpdate(Automation.java:23)
at APPTEST.java.Automation.testUpdate(Automation.java:23)
at APPTEST.java.Automation.testUpdate(Automation.java:23)
at APPTEST.java.Automation.testUpdate(Automation.java:23)
at APPTEST.java.Automation.testUpdate(Automation.java:23)
at APPTEST.java.Automation.testUpdate(Automation.java:23)
at APPTEST.java.Automation.testUpdate(Automation.java:23)
at APPTEST.java.Automation.testUpdate(Automation.java:23)
at APPTEST.java.Automation.testUpdate(Automation.java:23)
at APPTEST.java.Automation.testUpdate(Automation.java:23)
at APPTEST.java.Automation.testUpdate(Automation.java:23)
at APPTEST.java.Automation.testUpdate(Automation.java:23)
at APPTEST.java.Automation.testUpdate(Automation.java:23)
at APPTEST.java.Automation.testUpdate(Automation.java:23)
at APPTEST.java.Automation.testUpdate(Automation.java:23)
at APPTEST.java.Automation.testUpdate(Automation.java:23)
at APPTEST.java.Automation.testUpdate(Automation.java:23)
at APPTEST.java.Automation.testUpdate(Automation.java:23)
at APPTEST.java.Automation.testUpdate(Automation.java:23)
at APPTEST.java.Automation.testUpdate(Automation.java:23)
at APPTEST.java.Automation.testUpdate(Automation.java:23)
at APPTEST.java.Automation.testUpdate(Automation.java:23)
at APPTEST.java.Automation.testUpdate(Automation.java:23)
at APPTEST.java.Automation.testUpdate(Automation.java:23)
at APPTEST.java.Automation.testUpdate(Automation.java:23)
at APPTEST.java.Automation.testUpdate(Automation.java:23)
at APPTEST.java.Automation.testUpdate(Automation.java:23)
at APPTEST.java.Automation.testUpdate(Automation.java:23)
at APPTEST.java.Automation.testUpdate(Automation.java:23)
at APPTEST.java.Automation.testUpdate(Automation.java:23)
at APPTEST.java.Automation.testUpdate(Automation.java:23)
at APPTEST.java.Automation.testUpdate(Automation.java:23)
at APPTEST.java.Automation.testUpdate(Automation.java:23)
at APPTEST.java.Automation.testUpdate(Automation.java:23)
at APPTEST.java.Automation.testUpdate(Automation.java:23)
at APPTEST.java.Automation.testUpdate(Automation.java:23)
at APPTEST.java.Automation.testUpdate(Automation.java:23)
at APPTEST.java.Automation.testUpdate(Automation.java:23)
at APPTEST.java.Automation.testUpdate(Automation.java:23)
at APPTEST.java.Automation.testUpdate(Automation.java:23)
at APPTEST.java.Automation.testUpdate(Automation.java:23)
at APPTEST.java.Automation.testUpdate(Automation.java:23)
at APPTEST.java.Automation.testUpdate(Automation.java:23)
at APPTEST.java.Automation.testUpdate(Automation.java:23)
at APPTEST.java.Automation.testUpdate(Automation.java:23)
at APPTEST.java.Automation.testUpdate(Automation.java:23)
at APPTEST.java.Automation.testUpdate(Automation.java:23)
at APPTEST.java.Automation.testUpdate(Automation.java:23)
at APPTEST.java.Automation.testUpdate(Automation.java:23)
at APPTEST.java.Automation.testUpdate(Automation.java:23)
at APPTEST.java.Automation.testUpdate(Automation.java:23)
at APPTEST.java.Automation.testUpdate(Automation.java:23)
at APPTEST.java.Automation.testUpdate(Automation.java:23)
at APPTEST.java.Automation.testUpdate(Automation.java:23)
at APPTEST.java.Automation.testUpdate(Automation.java:23)
at APPTEST.java.Automation.testUpdate(Automation.java:23)
at APPTEST.java.Automation.testUpdate(Automation.java:23)
at APPTEST.java.Automation.testUpdate(Automation.java:23)
at APPTEST.java.Automation.testUpdate(Automation.java:23)
at APPTEST.java.Automation.testUpdate(Automation.java:23)
at APPTEST.java.Automation.testUpdate(Automation.java:23)
]]>
            </full-stacktrace>
          </exception> <!-- java.lang.StackOverflowError -->
          <reporter-output>
          </reporter-output>
        </test-method> <!-- testUpdate -->
        <test-method signature="testLoginGmail()[pri:3, instance:APPTEST.java.Automation@4310d43]" started-at="2023-11-09T06:59:06 IST" name="testLoginGmail" finished-at="2023-11-09T06:59:06 IST" duration-ms="1" status="PASS">
          <reporter-output>
          </reporter-output>
        </test-method> <!-- testLoginGmail -->
        <test-method signature="testLogoutGmail()[pri:4, instance:APPTEST.java.Automation@4310d43]" started-at="2023-11-09T06:59:06 IST" name="testLogoutGmail" finished-at="2023-11-09T06:59:06 IST" duration-ms="1" status="PASS">
          <reporter-output>
          </reporter-output>
        </test-method> <!-- testLogoutGmail -->
        <test-method signature="testLoginWithPassword()[pri:5, instance:APPTEST.java.Automation@4310d43]" started-at="2023-11-09T06:59:06 IST" name="testLoginWithPassword" finished-at="2023-11-09T06:59:06 IST" duration-ms="2" status="PASS">
          <reporter-output>
          </reporter-output>
        </test-method> <!-- testLoginWithPassword -->
        <test-method signature="testCreateProjectConstruction()[pri:6, instance:APPTEST.java.Automation@4310d43]" started-at="2023-11-09T06:59:06 IST" name="testCreateProjectConstruction" finished-at="2023-11-09T06:59:06 IST" duration-ms="2" status="PASS">
          <reporter-output>
          </reporter-output>
        </test-method> <!-- testCreateProjectConstruction -->
        <test-method signature="testCreateProjectEvents()[pri:7, instance:APPTEST.java.Automation@4310d43]" started-at="2023-11-09T06:59:06 IST" name="testCreateProjectEvents" finished-at="2023-11-09T06:59:06 IST" duration-ms="1" status="PASS">
          <reporter-output>
          </reporter-output>
        </test-method> <!-- testCreateProjectEvents -->
        <test-method signature="testCreateProjectTravel()[pri:8, instance:APPTEST.java.Automation@4310d43]" started-at="2023-11-09T06:59:06 IST" name="testCreateProjectTravel" finished-at="2023-11-09T06:59:06 IST" duration-ms="1" status="PASS">
          <reporter-output>
          </reporter-output>
        </test-method> <!-- testCreateProjectTravel -->
        <test-method signature="testCreateProjectWork()[pri:9, instance:APPTEST.java.Automation@4310d43]" started-at="2023-11-09T06:59:06 IST" name="testCreateProjectWork" finished-at="2023-11-09T06:59:06 IST" duration-ms="1" status="PASS">
          <reporter-output>
          </reporter-output>
        </test-method> <!-- testCreateProjectWork -->
        <test-method signature="testCreateProjectItem()[pri:10, instance:APPTEST.java.Automation@4310d43]" started-at="2023-11-09T06:59:06 IST" name="testCreateProjectItem" finished-at="2023-11-09T06:59:06 IST" duration-ms="0" status="PASS">
          <reporter-output>
          </reporter-output>
        </test-method> <!-- testCreateProjectItem -->
        <test-method signature="testCreateProjectCustomNewCategory()[pri:11, instance:APPTEST.java.Automation@4310d43]" started-at="2023-11-09T06:59:06 IST" name="testCreateProjectCustomNewCategory" finished-at="2023-11-09T06:59:06 IST" duration-ms="3" status="PASS">
          <reporter-output>
          </reporter-output>
        </test-method> <!-- testCreateProjectCustomNewCategory -->
        <test-method signature="testCreateItemTransport()[pri:12, instance:APPTEST.java.Automation@4310d43]" started-at="2023-11-09T06:59:06 IST" name="testCreateItemTransport" finished-at="2023-11-09T06:59:06 IST" duration-ms="3" status="PASS">
          <reporter-output>
          </reporter-output>
        </test-method> <!-- testCreateItemTransport -->
        <test-method signature="testCreateItemProperties()[pri:13, instance:APPTEST.java.Automation@4310d43]" started-at="2023-11-09T06:59:06 IST" name="testCreateItemProperties" finished-at="2023-11-09T06:59:06 IST" duration-ms="2" status="PASS">
          <reporter-output>
          </reporter-output>
        </test-method> <!-- testCreateItemProperties -->
        <test-method signature="testCreateItemPersonal()[pri:14, instance:APPTEST.java.Automation@4310d43]" started-at="2023-11-09T06:59:06 IST" name="testCreateItemPersonal" finished-at="2023-11-09T06:59:06 IST" duration-ms="2" status="PASS">
          <reporter-output>
          </reporter-output>
        </test-method> <!-- testCreateItemPersonal -->
        <test-method signature="testEditItemTransport()[pri:15, instance:APPTEST.java.Automation@4310d43]" started-at="2023-11-09T06:59:06 IST" name="testEditItemTransport" finished-at="2023-11-09T06:59:06 IST" duration-ms="1" status="PASS">
          <reporter-output>
          </reporter-output>
        </test-method> <!-- testEditItemTransport -->
        <test-method signature="testEditItemProperty()[pri:16, instance:APPTEST.java.Automation@4310d43]" started-at="2023-11-09T06:59:06 IST" name="testEditItemProperty" finished-at="2023-11-09T06:59:06 IST" duration-ms="4" status="PASS">
          <reporter-output>
          </reporter-output>
        </test-method> <!-- testEditItemProperty -->
        <test-method signature="testEditItemPersonal()[pri:17, instance:APPTEST.java.Automation@4310d43]" started-at="2023-11-09T06:59:06 IST" name="testEditItemPersonal" finished-at="2023-11-09T06:59:06 IST" duration-ms="1" status="PASS">
          <reporter-output>
          </reporter-output>
        </test-method> <!-- testEditItemPersonal -->
        <test-method signature="testAddPeopleSearchInviteContact()[pri:18, instance:APPTEST.java.Automation@4310d43]" started-at="2023-11-09T06:59:06 IST" name="testAddPeopleSearchInviteContact" finished-at="2023-11-09T06:59:06 IST" duration-ms="1" status="PASS">
          <reporter-output>
          </reporter-output>
        </test-method> <!-- testAddPeopleSearchInviteContact -->
        <test-method signature="testAddPeopleSearchInviteGmail()[pri:19, instance:APPTEST.java.Automation@4310d43]" started-at="2023-11-09T06:59:06 IST" name="testAddPeopleSearchInviteGmail" finished-at="2023-11-09T06:59:06 IST" duration-ms="3" status="PASS">
          <reporter-output>
          </reporter-output>
        </test-method> <!-- testAddPeopleSearchInviteGmail -->
        <test-method signature="testAddPeopleCreatePeopleProfileFamily()[pri:20, instance:APPTEST.java.Automation@4310d43]" started-at="2023-11-09T06:59:06 IST" name="testAddPeopleCreatePeopleProfileFamily" finished-at="2023-11-09T06:59:06 IST" duration-ms="1" status="PASS">
          <reporter-output>
          </reporter-output>
        </test-method> <!-- testAddPeopleCreatePeopleProfileFamily -->
        <test-method signature="testAddPeopleCreatePeopleProfileFriends()[pri:21, instance:APPTEST.java.Automation@4310d43]" started-at="2023-11-09T06:59:06 IST" name="testAddPeopleCreatePeopleProfileFriends" finished-at="2023-11-09T06:59:06 IST" duration-ms="1" status="PASS">
          <reporter-output>
          </reporter-output>
        </test-method> <!-- testAddPeopleCreatePeopleProfileFriends -->
        <test-method signature="testEditPeopleProfileFamily()[pri:22, instance:APPTEST.java.Automation@4310d43]" started-at="2023-11-09T06:59:06 IST" name="testEditPeopleProfileFamily" finished-at="2023-11-09T06:59:06 IST" duration-ms="2" status="PASS">
          <reporter-output>
          </reporter-output>
        </test-method> <!-- testEditPeopleProfileFamily -->
        <test-method signature="testEditPeopleProfileFriends()[pri:23, instance:APPTEST.java.Automation@4310d43]" started-at="2023-11-09T06:59:06 IST" name="testEditPeopleProfileFriends" finished-at="2023-11-09T06:59:06 IST" duration-ms="2" status="PASS">
          <reporter-output>
          </reporter-output>
        </test-method> <!-- testEditPeopleProfileFriends -->
        <test-method signature="testAddAndEditPeoplePetProfile()[pri:24, instance:APPTEST.java.Automation@4310d43]" started-at="2023-11-09T06:59:06 IST" name="testAddAndEditPeoplePetProfile" finished-at="2023-11-09T06:59:06 IST" duration-ms="1" status="PASS">
          <reporter-output>
          </reporter-output>
        </test-method> <!-- testAddAndEditPeoplePetProfile -->
        <test-method signature="testAddPeopleInviteContact()[pri:25, instance:APPTEST.java.Automation@4310d43]" started-at="2023-11-09T06:59:06 IST" name="testAddPeopleInviteContact" finished-at="2023-11-09T06:59:06 IST" duration-ms="1" status="PASS">
          <reporter-output>
          </reporter-output>
        </test-method> <!-- testAddPeopleInviteContact -->
        <test-method signature="testAddPeopleInviteGmail()[pri:26, instance:APPTEST.java.Automation@4310d43]" started-at="2023-11-09T06:59:06 IST" name="testAddPeopleInviteGmail" finished-at="2023-11-09T06:59:06 IST" duration-ms="1" status="PASS">
          <reporter-output>
          </reporter-output>
        </test-method> <!-- testAddPeopleInviteGmail -->
        <test-method signature="testAddPeopleInvitationLink()[pri:27, instance:APPTEST.java.Automation@4310d43]" started-at="2023-11-09T06:59:06 IST" name="testAddPeopleInvitationLink" finished-at="2023-11-09T06:59:06 IST" duration-ms="10" status="PASS">
          <reporter-output>
          </reporter-output>
        </test-method> <!-- testAddPeopleInvitationLink -->
        <test-method signature="testCreateTaskPersonal()[pri:28, instance:APPTEST.java.Automation@4310d43]" started-at="2023-11-09T06:59:06 IST" name="testCreateTaskPersonal" finished-at="2023-11-09T06:59:06 IST" duration-ms="1" status="PASS">
          <reporter-output>
          </reporter-output>
        </test-method> <!-- testCreateTaskPersonal -->
        <test-method signature="testCreateTaskItem()[pri:29, instance:APPTEST.java.Automation@4310d43]" started-at="2023-11-09T06:59:06 IST" name="testCreateTaskItem" finished-at="2023-11-09T06:59:06 IST" duration-ms="2" status="PASS">
          <reporter-output>
          </reporter-output>
        </test-method> <!-- testCreateTaskItem -->
        <test-method signature="testCreateTaskPeople()[pri:30, instance:APPTEST.java.Automation@4310d43]" started-at="2023-11-09T06:59:06 IST" name="testCreateTaskPeople" finished-at="2023-11-09T06:59:06 IST" duration-ms="1" status="PASS">
          <reporter-output>
          </reporter-output>
        </test-method> <!-- testCreateTaskPeople -->
        <test-method signature="testCreateTaskProject()[pri:31, instance:APPTEST.java.Automation@4310d43]" started-at="2023-11-09T06:59:06 IST" name="testCreateTaskProject" finished-at="2023-11-09T06:59:06 IST" duration-ms="3" status="PASS">
          <reporter-output>
          </reporter-output>
        </test-method> <!-- testCreateTaskProject -->
        <test-method signature="testUploadThroughInbox()[pri:32, instance:APPTEST.java.Automation@4310d43]" started-at="2023-11-09T06:59:06 IST" name="testUploadThroughInbox" finished-at="2023-11-09T06:59:06 IST" duration-ms="4" status="PASS">
          <reporter-output>
          </reporter-output>
        </test-method> <!-- testUploadThroughInbox -->
        <test-method signature="testUploadThroughItem()[pri:33, instance:APPTEST.java.Automation@4310d43]" started-at="2023-11-09T06:59:06 IST" name="testUploadThroughItem" finished-at="2023-11-09T06:59:06 IST" duration-ms="1" status="PASS">
          <reporter-output>
          </reporter-output>
        </test-method> <!-- testUploadThroughItem -->
        <test-method signature="testUploadThroughPeople()[pri:34, instance:APPTEST.java.Automation@4310d43]" started-at="2023-11-09T06:59:06 IST" name="testUploadThroughPeople" finished-at="2023-11-09T06:59:06 IST" duration-ms="1" status="FAIL">
          <exception class="java.lang.Error">
            <message>
              <![CDATA[Unresolved compilation problem: 
The method Upload_Through_People() is undefined for the type Automation
]]>
            </message>
            <full-stacktrace>
              <![CDATA[java.lang.Error: Unresolved compilation problem: 
The method Upload_Through_People() is undefined for the type Automation

at APPTEST.java.Automation.testUploadThroughPeople(Automation.java:319)
at java.base/jdk.internal.reflect.NativeMethodAccessorImpl.invoke0(Native Method)
at java.base/jdk.internal.reflect.NativeMethodAccessorImpl.invoke(NativeMethodAccessorImpl.java:77)
at java.base/jdk.internal.reflect.DelegatingMethodAccessorImpl.invoke(DelegatingMethodAccessorImpl.java:43)
at java.base/java.lang.reflect.Method.invoke(Method.java:568)
at org.testng.internal.invokers.MethodInvocationHelper.invokeMethod(MethodInvocationHelper.java:139)
at org.testng.internal.invokers.TestInvoker.invokeMethod(TestInvoker.java:664)
at org.testng.internal.invokers.TestInvoker.invokeTestMethod(TestInvoker.java:227)
at org.testng.internal.invokers.MethodRunner.runInSequence(MethodRunner.java:50)
at org.testng.internal.invokers.TestInvoker$MethodInvocationAgent.invoke(TestInvoker.java:957)
at org.testng.internal.invokers.TestInvoker.invokeTestMethods(TestInvoker.java:200)
at org.testng.internal.invokers.TestMethodWorker.invokeTestMethods(TestMethodWorker.java:148)
at org.testng.internal.invokers.TestMethodWorker.run(TestMethodWorker.java:128)
at java.base/java.util.ArrayList.forEach(ArrayList.java:1511)
at org.testng.TestRunner.privateRun(TestRunner.java:848)
at org.testng.TestRunner.run(TestRunner.java:621)
at org.testng.SuiteRunner.runTest(SuiteRunner.java:443)
at org.testng.SuiteRunner.runSequentially(SuiteRunner.java:437)
at org.testng.SuiteRunner.privateRun(SuiteRunner.java:397)
at org.testng.SuiteRunner.run(SuiteRunner.java:336)
at org.testng.SuiteRunnerWorker.runSuite(SuiteRunnerWorker.java:52)
at org.testng.SuiteRunnerWorker.run(SuiteRunnerWorker.java:95)
at org.testng.TestNG.runSuitesSequentially(TestNG.java:1280)
at org.testng.TestNG.runSuitesLocally(TestNG.java:1200)
at org.testng.TestNG.runSuites(TestNG.java:1114)
at org.testng.TestNG.run(TestNG.java:1082)
at org.testng.remote.AbstractRemoteTestNG.run(AbstractRemoteTestNG.java:115)
at org.testng.remote.RemoteTestNG.initAndRun(RemoteTestNG.java:251)
at org.testng.remote.RemoteTestNG.main(RemoteTestNG.java:77)
]]>
            </full-stacktrace>
          </exception> <!-- java.lang.Error -->
          <reporter-output>
          </reporter-output>
        </test-method> <!-- testUploadThroughPeople -->
        <test-method signature="testUploadThroughArchive()[pri:35, instance:APPTEST.java.Automation@4310d43]" started-at="2023-11-09T06:59:06 IST" name="testUploadThroughArchive" finished-at="2023-11-09T06:59:06 IST" duration-ms="1" status="PASS">
          <reporter-output>
          </reporter-output>
        </test-method> <!-- testUploadThroughArchive -->
        <test-method signature="testDeleteProject()[pri:36, instance:APPTEST.java.Automation@4310d43]" started-at="2023-11-09T06:59:06 IST" name="testDeleteProject" finished-at="2023-11-09T06:59:06 IST" duration-ms="1" status="PASS">
          <reporter-output>
          </reporter-output>
        </test-method> <!-- testDeleteProject -->
        <test-method signature="testDeleteThings()[pri:37, instance:APPTEST.java.Automation@4310d43]" started-at="2023-11-09T06:59:06 IST" name="testDeleteThings" finished-at="2023-11-09T06:59:06 IST" duration-ms="2" status="PASS">
          <reporter-output>
          </reporter-output>
        </test-method> <!-- testDeleteThings -->
        <test-method signature="testDeletePeople()[pri:38, instance:APPTEST.java.Automation@4310d43]" started-at="2023-11-09T06:59:06 IST" name="testDeletePeople" finished-at="2023-11-09T06:59:06 IST" duration-ms="1" status="PASS">
          <reporter-output>
          </reporter-output>
        </test-method> <!-- testDeletePeople -->
        <test-method signature="testEditDeleteTask()[pri:39, instance:APPTEST.java.Automation@4310d43]" started-at="2023-11-09T06:59:06 IST" name="testEditDeleteTask" finished-at="2023-11-09T06:59:06 IST" duration-ms="0" status="PASS">
          <reporter-output>
          </reporter-output>
        </test-method> <!-- testEditDeleteTask -->
        <test-method signature="testUsingTrashRestoreAll()[pri:40, instance:APPTEST.java.Automation@4310d43]" started-at="2023-11-09T06:59:06 IST" name="testUsingTrashRestoreAll" finished-at="2023-11-09T06:59:06 IST" duration-ms="1" status="PASS">
          <reporter-output>
          </reporter-output>
        </test-method> <!-- testUsingTrashRestoreAll -->
        <test-method signature="testThingsArchive()[pri:41, instance:APPTEST.java.Automation@4310d43]" started-at="2023-11-09T06:59:06 IST" name="testThingsArchive" finished-at="2023-11-09T06:59:06 IST" duration-ms="3" status="PASS">
          <reporter-output>
          </reporter-output>
        </test-method> <!-- testThingsArchive -->
        <test-method signature="testPeopleArchive()[pri:42, instance:APPTEST.java.Automation@4310d43]" started-at="2023-11-09T06:59:06 IST" name="testPeopleArchive" finished-at="2023-11-09T06:59:06 IST" duration-ms="2" status="PASS">
          <reporter-output>
          </reporter-output>
        </test-method> <!-- testPeopleArchive -->
        <test-method signature="testProjectArchive()[pri:43, instance:APPTEST.java.Automation@4310d43]" started-at="2023-11-09T06:59:06 IST" name="testProjectArchive" finished-at="2023-11-09T06:59:06 IST" duration-ms="1" status="PASS">
          <reporter-output>
          </reporter-output>
        </test-method> <!-- testProjectArchive -->
        <test-method signature="testRBArchiveInbox()[pri:44, instance:APPTEST.java.Automation@4310d43]" started-at="2023-11-09T06:59:06 IST" name="testRBArchiveInbox" finished-at="2023-11-09T06:59:06 IST" duration-ms="1" status="PASS">
          <reporter-output>
          </reporter-output>
        </test-method> <!-- testRBArchiveInbox -->
      </class> <!-- APPTEST.java.Automation -->
    </test> <!-- Default test -->
  </suite> <!-- Default suite -->
</testng-results>
